<?xml version="1.0" encoding="UTF-8"?>
<!-- Generated by org.testng.reporters.JUnitXMLReporter -->
<testsuite hostname="DMS" name="Default test" tests="5" failures="0" timestamp="13 May 2017 03:39:03 GMT" time="49.119" errors="0">
  <testcase name="TC_001" time="0.016" classname="com.Pages.Tests.TestBase"/>
  <testcase name="TC_003" time="10.454" classname="com.Pages.Tests.TestBase"/>
  <testcase name="TC_004" time="17.962" classname="com.Pages.Tests.TestBase"/>
  <testcase name="TC_005" time="0.074" classname="com.Pages.Tests.TestBase"/>
  <testcase name="TC_006" time="8.489" classname="com.Pages.Tests.TestBase"/>
</testsuite> <!-- Default test -->
