<?xml version="1.0" encoding="UTF-8"?>
<!-- Generated by org.testng.reporters.JUnitXMLReporter -->
<testsuite hostname="DMS" name="Test" tests="5" failures="0" timestamp="17 May 2017 15:44:52 GMT" time="0.065" errors="0">
  <testcase name="@BeforeClass Setup" time="0.0" classname="com.Pages.Tests.TestBase">
    <failure type="java.lang.NullPointerException">
      <![CDATA[java.lang.NullPointerException
	at com.Pages.Tests.TestBase.Setup(TestBase.java:49)
... Removed 25 stack frames]]>
    </failure>
  </testcase> <!-- @BeforeClass Setup -->
  <testcase name="TC_001" time="0.002" classname="com.Pages.Tests.TestBase">
    <skipped/>
  </testcase> <!-- TC_001 -->
  <testcase name="TC_003" time="0.001" classname="com.Pages.Tests.TestBase">
    <skipped/>
  </testcase> <!-- TC_003 -->
  <testcase name="TC_004" time="0.002" classname="com.Pages.Tests.TestBase">
    <skipped/>
  </testcase> <!-- TC_004 -->
  <testcase name="TC_005" time="0.002" classname="com.Pages.Tests.TestBase">
    <skipped/>
  </testcase> <!-- TC_005 -->
  <testcase name="TC_006" time="0.002" classname="com.Pages.Tests.TestBase">
    <skipped/>
  </testcase> <!-- TC_006 -->
</testsuite> <!-- Test -->
