<?xml version="1.0" encoding="UTF-8"?>
<testng-results skipped="5" failed="0" total="5" passed="0">
  <reporter-output>
  </reporter-output>
  <suite name="Suite" duration-ms="65" started-at="2017-05-17T15:44:52Z" finished-at="2017-05-17T15:44:52Z">
    <groups>
    </groups>
    <test name="Test" duration-ms="65" started-at="2017-05-17T15:44:52Z" finished-at="2017-05-17T15:44:52Z">
      <class name="com.Pages.Tests.TestBase">
        <test-method status="FAIL" signature="Setup()[pri:0, instance:com.Pages.Tests.TestBase@25bbe1b6]" name="Setup" is-config="true" duration-ms="0" started-at="2017-05-17T21:14:52Z" finished-at="2017-05-17T21:14:52Z">
          <exception class="java.lang.NullPointerException">
            <full-stacktrace>
              <![CDATA[java.lang.NullPointerException
	at com.Pages.Tests.TestBase.Setup(TestBase.java:49)
	at sun.reflect.NativeMethodAccessorImpl.invoke0(Native Method)
	at sun.reflect.NativeMethodAccessorImpl.invoke(NativeMethodAccessorImpl.java:62)
	at sun.reflect.DelegatingMethodAccessorImpl.invoke(DelegatingMethodAccessorImpl.java:43)
	at java.lang.reflect.Method.invoke(Method.java:497)
	at org.testng.internal.MethodInvocationHelper.invokeMethod(MethodInvocationHelper.java:100)
	at org.testng.internal.Invoker.invokeConfigurationMethod(Invoker.java:515)
	at org.testng.internal.Invoker.invokeConfigurations(Invoker.java:216)
	at org.testng.internal.Invoker.invokeConfigurations(Invoker.java:143)
	at org.testng.internal.TestMethodWorker.invokeBeforeClassMethods(TestMethodWorker.java:169)
	at org.testng.internal.TestMethodWorker.run(TestMethodWorker.java:108)
	at org.testng.TestRunner.privateRun(TestRunner.java:753)
	at org.testng.TestRunner.run(TestRunner.java:607)
	at org.testng.SuiteRunner.runTest(SuiteRunner.java:368)
	at org.testng.SuiteRunner.runSequentially(SuiteRunner.java:363)
	at org.testng.SuiteRunner.privateRun(SuiteRunner.java:321)
	at org.testng.SuiteRunner.run(SuiteRunner.java:270)
	at org.testng.SuiteRunnerWorker.runSuite(SuiteRunnerWorker.java:52)
	at org.testng.SuiteRunnerWorker.run(SuiteRunnerWorker.java:86)
	at org.testng.TestNG.runSuitesSequentially(TestNG.java:1284)
	at org.testng.TestNG.runSuitesLocally(TestNG.java:1209)
	at org.testng.TestNG.runSuites(TestNG.java:1124)
	at org.testng.TestNG.run(TestNG.java:1096)
	at org.testng.remote.AbstractRemoteTestNG.run(AbstractRemoteTestNG.java:132)
	at org.testng.remote.RemoteTestNG.initAndRun(RemoteTestNG.java:236)
	at org.testng.remote.RemoteTestNG.main(RemoteTestNG.java:81)
]]>
            </full-stacktrace>
          </exception> <!-- java.lang.NullPointerException -->
          <reporter-output>
          </reporter-output>
        </test-method> <!-- Setup -->
        <test-method status="SKIP" signature="TC_001()[pri:0, instance:com.Pages.Tests.TestBase@25bbe1b6]" name="TC_001" duration-ms="2" started-at="2017-05-17T21:14:52Z" finished-at="2017-05-17T21:14:52Z">
          <reporter-output>
          </reporter-output>
        </test-method> <!-- TC_001 -->
        <test-method status="SKIP" signature="TC_003()[pri:0, instance:com.Pages.Tests.TestBase@25bbe1b6]" name="TC_003" duration-ms="1" started-at="2017-05-17T21:14:52Z" finished-at="2017-05-17T21:14:52Z">
          <reporter-output>
          </reporter-output>
        </test-method> <!-- TC_003 -->
        <test-method status="SKIP" signature="TC_004()[pri:0, instance:com.Pages.Tests.TestBase@25bbe1b6]" name="TC_004" duration-ms="2" started-at="2017-05-17T21:14:52Z" finished-at="2017-05-17T21:14:52Z">
          <reporter-output>
          </reporter-output>
        </test-method> <!-- TC_004 -->
        <test-method status="SKIP" signature="TC_005()[pri:0, instance:com.Pages.Tests.TestBase@25bbe1b6]" name="TC_005" duration-ms="2" started-at="2017-05-17T21:14:52Z" finished-at="2017-05-17T21:14:52Z">
          <reporter-output>
          </reporter-output>
        </test-method> <!-- TC_005 -->
        <test-method status="SKIP" signature="TC_006()[pri:0, instance:com.Pages.Tests.TestBase@25bbe1b6]" name="TC_006" duration-ms="2" started-at="2017-05-17T21:14:52Z" finished-at="2017-05-17T21:14:52Z">
          <reporter-output>
          </reporter-output>
        </test-method> <!-- TC_006 -->
        <test-method status="SKIP" signature="Teardown()[pri:0, instance:com.Pages.Tests.TestBase@25bbe1b6]" name="Teardown" is-config="true" duration-ms="0" started-at="2017-05-17T21:14:52Z" finished-at="2017-05-17T21:14:52Z">
          <reporter-output>
          </reporter-output>
        </test-method> <!-- Teardown -->
      </class> <!-- com.Pages.Tests.TestBase -->
    </test> <!-- Test -->
  </suite> <!-- Suite -->
</testng-results>
